<?xml version="1.0" encoding="UTF-8"?>
<testng-results skipped="0" failed="0" total="1" passed="1">
  <reporter-output>
  </reporter-output>
  <suite name="Default suite" duration-ms="56118" started-at="2023-09-26T15:24:44Z" finished-at="2023-09-26T15:25:40Z">
    <groups>
    </groups>
    <test name="Default test" duration-ms="56118" started-at="2023-09-26T15:24:44Z" finished-at="2023-09-26T15:25:40Z">
      <class name="org.abc.Project2">
        <test-method status="PASS" signature="beforeAllTc()[pri:0, instance:org.abc.Project2@5bcab519]" name="beforeAllTc" is-config="true" duration-ms="52396" started-at="2023-09-26T08:24:44Z" finished-at="2023-09-26T08:25:37Z">
          <reporter-output>
          </reporter-output>
        </test-method> <!-- beforeAllTc -->
        <test-method status="PASS" signature="tc1()[pri:0, instance:org.abc.Project2@5bcab519]" name="tc1" duration-ms="3532" started-at="2023-09-26T08:25:37Z" finished-at="2023-09-26T08:25:40Z">
          <reporter-output>
          </reporter-output>
        </test-method> <!-- tc1 -->
      </class> <!-- org.abc.Project2 -->
    </test> <!-- Default test -->
  </suite> <!-- Default suite -->
</testng-results>
